--------------------------------
2021/2/25 16:08:56|
方法：Query
参数：a => ((a.IsDeleted == Convert(False, Nullable`1)) AndAlso value(Af.Core.Controllers.PermissionController+<>c__DisplayClass8_0).roleIds.Contains(a.RoleId))
结果：System.Runtime.CompilerServices.AsyncTaskMethodBuilder`1+AsyncStateMachineBox`1[System.Collections.Generic.List`1[Af.Core.Model.Models.RoleModulePermission],Af.Core.Services.BASE.BaseServices`1+<Query>d__14[Af.Core.Model.Models.RoleModulePermission]]
--------------------------------
2021/2/25 16:08:56|
方法：Query
参数：a => value(Af.Core.Controllers.PermissionController+<>c__DisplayClass8_1).pids.Contains(a.Id)
结果：System.Runtime.CompilerServices.AsyncTaskMethodBuilder`1+AsyncStateMachineBox`1[System.Collections.Generic.List`1[Af.Core.Model.Models.Permission],Af.Core.Services.BASE.BaseServices`1+<Query>d__14[Af.Core.Model.Models.Permission]]
--------------------------------
2021/2/25 16:09:01|
方法：QueryPage
参数：a => ((a.IsDeleted == Convert(False, Nullable`1)) AndAlso (a.Name.Contains(value(Af.Core.Controllers.ModuleController+<>c__DisplayClass3_0).key) OrElse a.LinkUrl.Contains(value(Af.Core.Controllers.ModuleController+<>c__DisplayClass3_0).key))), 1, 50,  Id Desc
结果：System.Runtime.CompilerServices.AsyncTaskMethodBuilder`1+AsyncStateMachineBox`1[Af.Core.Model.Models.PageModel`1[Af.Core.Model.Models.Module],Af.Core.Services.BASE.BaseServices`1+<QueryPage>d__22[Af.Core.Model.Models.Module]]
--------------------------------
2021/2/25 16:09:01|
方法：Query
参数：a => (a.IsDeleted == Convert(False, Nullable`1))
结果：System.Runtime.CompilerServices.AsyncTaskMethodBuilder`1+AsyncStateMachineBox`1[System.Collections.Generic.List`1[Af.Core.Model.Models.Module],Af.Core.Services.BASE.BaseServices`1+<Query>d__14[Af.Core.Model.Models.Module]]
--------------------------------
2021/2/25 16:09:01|
方法：Query
参数：a => (a.IsDeleted == Convert(False, Nullable`1))
结果：System.Runtime.CompilerServices.AsyncTaskMethodBuilder`1+AsyncStateMachineBox`1[System.Collections.Generic.List`1[Af.Core.Model.Models.Permission],Af.Core.Services.BASE.BaseServices`1+<Query>d__14[Af.Core.Model.Models.Permission]]
--------------------------------
2021/2/25 16:09:02|
方法：Query
参数：a => (a.IsDeleted == Convert(False, Nullable`1))
结果：System.Runtime.CompilerServices.AsyncTaskMethodBuilder`1+AsyncStateMachineBox`1[System.Collections.Generic.List`1[Af.Core.Model.Models.Module],Af.Core.Services.BASE.BaseServices`1+<Query>d__14[Af.Core.Model.Models.Module]]
--------------------------------
2021/2/25 16:09:02|
方法：Query
参数：a => (a.IsDeleted == Convert(False, Nullable`1))
结果：System.Runtime.CompilerServices.AsyncTaskMethodBuilder`1+AsyncStateMachineBox`1[System.Collections.Generic.List`1[Af.Core.Model.Models.Permission],Af.Core.Services.BASE.BaseServices`1+<Query>d__14[Af.Core.Model.Models.Permission]]
--------------------------------
2021/2/25 16:09:04|
方法：QueryPage
参数：a => ((a.Status > 0) AndAlso (a.LoginName.Contains(value(Af.Core.Controllers.UserController+<>c__DisplayClass8_0).key) OrElse a.RealName.Contains(value(Af.Core.Controllers.UserController+<>c__DisplayClass8_0).key))), 1, 50, Id Desc
结果：System.Runtime.CompilerServices.AsyncTaskMethodBuilder`1+AsyncStateMachineBox`1[Af.Core.Model.Models.PageModel`1[Af.Core.Model.Models.SysUserInfo],Af.Core.Services.BASE.BaseServices`1+<QueryPage>d__22[Af.Core.Model.Models.SysUserInfo]]
--------------------------------
2021/2/25 16:09:04|
方法：Query
参数：a => (a.IsDeleted == Convert(False, Nullable`1))
结果：System.Runtime.CompilerServices.AsyncTaskMethodBuilder`1+AsyncStateMachineBox`1[System.Collections.Generic.List`1[Af.Core.Model.Models.Role],Af.Core.Services.BASE.BaseServices`1+<Query>d__14[Af.Core.Model.Models.Role]]
--------------------------------
2021/2/25 16:09:04|
方法：Query
参数：a => (a.IsDeleted == Convert(False, Nullable`1))
结果：System.Runtime.CompilerServices.AsyncTaskMethodBuilder`1+AsyncStateMachineBox`1[System.Collections.Generic.List`1[Af.Core.Model.Models.UserRole],Af.Core.Services.BASE.BaseServices`1+<Query>d__14[Af.Core.Model.Models.UserRole]]
--------------------------------
2021/2/25 16:09:06|
方法：QueryPage
参数：a => ((a.IsDeleted == Convert(False, Nullable`1)) AndAlso (a.Name.Contains(value(Af.Core.Controllers.ModuleController+<>c__DisplayClass3_0).key) OrElse a.LinkUrl.Contains(value(Af.Core.Controllers.ModuleController+<>c__DisplayClass3_0).key))), 1, 50,  Id Desc
结果：System.Runtime.CompilerServices.AsyncTaskMethodBuilder`1+AsyncStateMachineBox`1[Af.Core.Model.Models.PageModel`1[Af.Core.Model.Models.Module],Af.Core.Services.BASE.BaseServices`1+<QueryPage>d__22[Af.Core.Model.Models.Module]]
--------------------------------
2021/2/25 16:20:08|
方法：Query
参数：a => (a.IsDeleted == Convert(False, Nullable`1))
结果：System.Runtime.CompilerServices.AsyncTaskMethodBuilder`1+AsyncStateMachineBox`1[System.Collections.Generic.List`1[Af.Core.Model.Models.Module],Af.Core.Services.BASE.BaseServices`1+<Query>d__14[Af.Core.Model.Models.Module]]
--------------------------------
2021/2/25 16:20:08|
方法：Query
参数：a => (a.IsDeleted == Convert(False, Nullable`1))
结果：System.Runtime.CompilerServices.AsyncTaskMethodBuilder`1+AsyncStateMachineBox`1[System.Collections.Generic.List`1[Af.Core.Model.Models.Permission],Af.Core.Services.BASE.BaseServices`1+<Query>d__14[Af.Core.Model.Models.Permission]]
--------------------------------
2021/2/25 16:21:52|
方法：QueryPage
参数：a => ((a.IsDeleted == Convert(False, Nullable`1)) AndAlso (a.Name.Contains(value(Af.Core.Controllers.ModuleController+<>c__DisplayClass3_0).key) OrElse a.LinkUrl.Contains(value(Af.Core.Controllers.ModuleController+<>c__DisplayClass3_0).key))), 1, 50,  Id Desc
结果：System.Runtime.CompilerServices.AsyncTaskMethodBuilder`1+AsyncStateMachineBox`1[Af.Core.Model.Models.PageModel`1[Af.Core.Model.Models.Module],Af.Core.Services.BASE.BaseServices`1+<QueryPage>d__22[Af.Core.Model.Models.Module]]
--------------------------------
2021/2/25 16:21:53|
方法：Query
参数：a => (a.IsDeleted == Convert(False, Nullable`1))
结果：System.Runtime.CompilerServices.AsyncTaskMethodBuilder`1+AsyncStateMachineBox`1[System.Collections.Generic.List`1[Af.Core.Model.Models.Module],Af.Core.Services.BASE.BaseServices`1+<Query>d__14[Af.Core.Model.Models.Module]]
--------------------------------
2021/2/25 16:21:53|
方法：Query
参数：a => (a.IsDeleted == Convert(False, Nullable`1))
结果：System.Runtime.CompilerServices.AsyncTaskMethodBuilder`1+AsyncStateMachineBox`1[System.Collections.Generic.List`1[Af.Core.Model.Models.Permission],Af.Core.Services.BASE.BaseServices`1+<Query>d__14[Af.Core.Model.Models.Permission]]
--------------------------------
2021/2/25 16:21:53|
方法：QueryPage
参数：a => ((a.IsDeleted == Convert(False, Nullable`1)) AndAlso (a.Name.Contains(value(Af.Core.Controllers.ModuleController+<>c__DisplayClass3_0).key) OrElse a.LinkUrl.Contains(value(Af.Core.Controllers.ModuleController+<>c__DisplayClass3_0).key))), 1, 50,  Id Desc
结果：System.Runtime.CompilerServices.AsyncTaskMethodBuilder`1+AsyncStateMachineBox`1[Af.Core.Model.Models.PageModel`1[Af.Core.Model.Models.Module],Af.Core.Services.BASE.BaseServices`1+<QueryPage>d__22[Af.Core.Model.Models.Module]]
--------------------------------
2021/2/25 16:23:40|
方法：Query
参数：a => ((a.LoginName == value(Af.Core.Controllers.AuthController+<>c__DisplayClass7_0).name) AndAlso (a.LoginPwd == value(Af.Core.Controllers.AuthController+<>c__DisplayClass7_0).pass))
结果：System.Runtime.CompilerServices.AsyncTaskMethodBuilder`1+AsyncStateMachineBox`1[System.Collections.Generic.List`1[Af.Core.Model.Models.SysUserInfo],Af.Core.Services.BASE.BaseServices`1+<Query>d__14[Af.Core.Model.Models.SysUserInfo]]
--------------------------------
2021/2/25 16:23:40|
方法：GetUserRoleNameStr
参数：admin, E10ADC3949BA59ABBE56E057F20F883E
结果：System.Runtime.CompilerServices.AsyncTaskMethodBuilder`1+AsyncStateMachineBox`1[System.String,Af.Core.Services.SysUserInfoServices+<GetUserRoleNameStr>d__4]
--------------------------------
2021/2/25 16:23:40|
方法：RoleModuleMaps
参数：
结果：System.Runtime.CompilerServices.AsyncTaskMethodBuilder`1+AsyncStateMachineBox`1[System.Collections.Generic.List`1[Af.Core.Model.Models.RoleModulePermission],Af.Core.Services.RoleModulePermissionServices+<RoleModuleMaps>d__6]
--------------------------------
2021/2/25 16:23:40|
方法：QueryById
参数：1
结果：System.Runtime.CompilerServices.AsyncTaskMethodBuilder`1+AsyncStateMachineBox`1[Af.Core.Model.Models.SysUserInfo,Af.Core.Services.BASE.BaseServices`1+<QueryById>d__1[Af.Core.Model.Models.SysUserInfo]]
--------------------------------
2021/2/25 16:23:40|
方法：Query
参数：a => (a.IsDeleted == Convert(False, Nullable`1))
结果：System.Runtime.CompilerServices.AsyncTaskMethodBuilder`1+AsyncStateMachineBox`1[System.Collections.Generic.List`1[Af.Core.Model.Models.Role],Af.Core.Services.BASE.BaseServices`1+<Query>d__14[Af.Core.Model.Models.Role]]
--------------------------------
2021/2/25 16:23:40|
方法：Query
参数：a => ((a.IsDeleted == Convert(False, Nullable`1)) AndAlso (a.UserId == value(Af.Core.Controllers.UserController+<>c__DisplayClass7_0).userInfo.Id))
结果：System.Runtime.CompilerServices.AsyncTaskMethodBuilder`1+AsyncStateMachineBox`1[System.Collections.Generic.List`1[Af.Core.Model.Models.UserRole],Af.Core.Services.BASE.BaseServices`1+<Query>d__14[Af.Core.Model.Models.UserRole]]
--------------------------------
2021/2/25 16:23:40|
方法：Query
参数：a => ((a.IsDeleted == Convert(False, Nullable`1)) AndAlso (a.UserId == value(Af.Core.Controllers.PermissionController+<>c__DisplayClass8_0).uid))
结果：System.Runtime.CompilerServices.AsyncTaskMethodBuilder`1+AsyncStateMachineBox`1[System.Collections.Generic.List`1[Af.Core.Model.Models.UserRole],Af.Core.Services.BASE.BaseServices`1+<Query>d__14[Af.Core.Model.Models.UserRole]]
--------------------------------
2021/2/25 16:23:40|
方法：Query
参数：a => ((a.IsDeleted == Convert(False, Nullable`1)) AndAlso value(Af.Core.Controllers.PermissionController+<>c__DisplayClass8_0).roleIds.Contains(a.RoleId))
结果：System.Runtime.CompilerServices.AsyncTaskMethodBuilder`1+AsyncStateMachineBox`1[System.Collections.Generic.List`1[Af.Core.Model.Models.RoleModulePermission],Af.Core.Services.BASE.BaseServices`1+<Query>d__14[Af.Core.Model.Models.RoleModulePermission]]
--------------------------------
2021/2/25 16:23:40|
方法：Query
参数：a => value(Af.Core.Controllers.PermissionController+<>c__DisplayClass8_1).pids.Contains(a.Id)
结果：System.Runtime.CompilerServices.AsyncTaskMethodBuilder`1+AsyncStateMachineBox`1[System.Collections.Generic.List`1[Af.Core.Model.Models.Permission],Af.Core.Services.BASE.BaseServices`1+<Query>d__14[Af.Core.Model.Models.Permission]]
--------------------------------
2021/2/25 16:23:44|
方法：Query
参数：a => (a.IsDeleted == Convert(False, Nullable`1))
结果：System.Runtime.CompilerServices.AsyncTaskMethodBuilder`1+AsyncStateMachineBox`1[System.Collections.Generic.List`1[Af.Core.Model.Models.Module],Af.Core.Services.BASE.BaseServices`1+<Query>d__14[Af.Core.Model.Models.Module]]
--------------------------------
2021/2/25 16:23:44|
方法：Query
参数：a => (a.IsDeleted == Convert(False, Nullable`1))
结果：System.Runtime.CompilerServices.AsyncTaskMethodBuilder`1+AsyncStateMachineBox`1[System.Collections.Generic.List`1[Af.Core.Model.Models.Permission],Af.Core.Services.BASE.BaseServices`1+<Query>d__14[Af.Core.Model.Models.Permission]]
--------------------------------
2021/2/25 16:23:44|
方法：QueryPage
参数：a => ((a.IsDeleted == Convert(False, Nullable`1)) AndAlso (a.Name.Contains(value(Af.Core.Controllers.ModuleController+<>c__DisplayClass3_0).key) OrElse a.LinkUrl.Contains(value(Af.Core.Controllers.ModuleController+<>c__DisplayClass3_0).key))), 1, 50,  Id Desc
结果：System.Runtime.CompilerServices.AsyncTaskMethodBuilder`1+AsyncStateMachineBox`1[Af.Core.Model.Models.PageModel`1[Af.Core.Model.Models.Module],Af.Core.Services.BASE.BaseServices`1+<QueryPage>d__22[Af.Core.Model.Models.Module]]
--------------------------------
2021/2/25 16:30:49|
方法：Query
参数：a => ((a.LoginName == value(Af.Core.Controllers.AuthController+<>c__DisplayClass7_0).name) AndAlso (a.LoginPwd == value(Af.Core.Controllers.AuthController+<>c__DisplayClass7_0).pass))
结果：System.Runtime.CompilerServices.AsyncTaskMethodBuilder`1+AsyncStateMachineBox`1[System.Collections.Generic.List`1[Af.Core.Model.Models.SysUserInfo],Af.Core.Services.BASE.BaseServices`1+<Query>d__14[Af.Core.Model.Models.SysUserInfo]]
--------------------------------
2021/2/25 16:30:49|
方法：GetUserRoleNameStr
参数：admin, E10ADC3949BA59ABBE56E057F20F883E
结果：System.Runtime.CompilerServices.AsyncTaskMethodBuilder`1+AsyncStateMachineBox`1[System.String,Af.Core.Services.SysUserInfoServices+<GetUserRoleNameStr>d__4]
--------------------------------
2021/2/25 16:30:49|
方法：RoleModuleMaps
参数：
结果：System.Runtime.CompilerServices.AsyncTaskMethodBuilder`1+AsyncStateMachineBox`1[System.Collections.Generic.List`1[Af.Core.Model.Models.RoleModulePermission],Af.Core.Services.RoleModulePermissionServices+<RoleModuleMaps>d__6]
--------------------------------
2021/2/25 16:30:50|
方法：QueryById
参数：1
结果：System.Runtime.CompilerServices.AsyncTaskMethodBuilder`1+AsyncStateMachineBox`1[Af.Core.Model.Models.SysUserInfo,Af.Core.Services.BASE.BaseServices`1+<QueryById>d__1[Af.Core.Model.Models.SysUserInfo]]
--------------------------------
2021/2/25 16:30:50|
方法：Query
参数：a => (a.IsDeleted == Convert(False, Nullable`1))
结果：System.Runtime.CompilerServices.AsyncTaskMethodBuilder`1+AsyncStateMachineBox`1[System.Collections.Generic.List`1[Af.Core.Model.Models.Role],Af.Core.Services.BASE.BaseServices`1+<Query>d__14[Af.Core.Model.Models.Role]]
--------------------------------
2021/2/25 16:30:50|
方法：Query
参数：a => ((a.IsDeleted == Convert(False, Nullable`1)) AndAlso (a.UserId == value(Af.Core.Controllers.UserController+<>c__DisplayClass7_0).userInfo.Id))
结果：System.Runtime.CompilerServices.AsyncTaskMethodBuilder`1+AsyncStateMachineBox`1[System.Collections.Generic.List`1[Af.Core.Model.Models.UserRole],Af.Core.Services.BASE.BaseServices`1+<Query>d__14[Af.Core.Model.Models.UserRole]]
--------------------------------
2021/2/25 16:30:50|
方法：Query
参数：a => ((a.IsDeleted == Convert(False, Nullable`1)) AndAlso (a.UserId == value(Af.Core.Controllers.PermissionController+<>c__DisplayClass8_0).uid))
结果：System.Runtime.CompilerServices.AsyncTaskMethodBuilder`1+AsyncStateMachineBox`1[System.Collections.Generic.List`1[Af.Core.Model.Models.UserRole],Af.Core.Services.BASE.BaseServices`1+<Query>d__14[Af.Core.Model.Models.UserRole]]
--------------------------------
2021/2/25 16:30:50|
方法：Query
参数：a => ((a.IsDeleted == Convert(False, Nullable`1)) AndAlso value(Af.Core.Controllers.PermissionController+<>c__DisplayClass8_0).roleIds.Contains(a.RoleId))
结果：System.Runtime.CompilerServices.AsyncTaskMethodBuilder`1+AsyncStateMachineBox`1[System.Collections.Generic.List`1[Af.Core.Model.Models.RoleModulePermission],Af.Core.Services.BASE.BaseServices`1+<Query>d__14[Af.Core.Model.Models.RoleModulePermission]]
--------------------------------
2021/2/25 16:30:50|
方法：Query
参数：a => value(Af.Core.Controllers.PermissionController+<>c__DisplayClass8_1).pids.Contains(a.Id)
结果：System.Runtime.CompilerServices.AsyncTaskMethodBuilder`1+AsyncStateMachineBox`1[System.Collections.Generic.List`1[Af.Core.Model.Models.Permission],Af.Core.Services.BASE.BaseServices`1+<Query>d__14[Af.Core.Model.Models.Permission]]
--------------------------------
2021/2/25 16:30:58|
方法：Query
参数：a => (a.IsDeleted == Convert(False, Nullable`1))
结果：System.Runtime.CompilerServices.AsyncTaskMethodBuilder`1+AsyncStateMachineBox`1[System.Collections.Generic.List`1[Af.Core.Model.Models.Module],Af.Core.Services.BASE.BaseServices`1+<Query>d__14[Af.Core.Model.Models.Module]]
--------------------------------
2021/2/25 16:30:58|
方法：Query
参数：a => (a.IsDeleted == Convert(False, Nullable`1))
结果：System.Runtime.CompilerServices.AsyncTaskMethodBuilder`1+AsyncStateMachineBox`1[System.Collections.Generic.List`1[Af.Core.Model.Models.Permission],Af.Core.Services.BASE.BaseServices`1+<Query>d__14[Af.Core.Model.Models.Permission]]
--------------------------------
2021/2/25 16:30:58|
方法：QueryPage
参数：a => ((a.IsDeleted == Convert(False, Nullable`1)) AndAlso (a.Name.Contains(value(Af.Core.Controllers.ModuleController+<>c__DisplayClass3_0).key) OrElse a.LinkUrl.Contains(value(Af.Core.Controllers.ModuleController+<>c__DisplayClass3_0).key))), 1, 50,  Id Desc
结果：System.Runtime.CompilerServices.AsyncTaskMethodBuilder`1+AsyncStateMachineBox`1[Af.Core.Model.Models.PageModel`1[Af.Core.Model.Models.Module],Af.Core.Services.BASE.BaseServices`1+<QueryPage>d__22[Af.Core.Model.Models.Module]]
--------------------------------
2021/2/25 16:31:00|
方法：Query
参数：a => (a.IsDeleted == Convert(False, Nullable`1))
结果：System.Runtime.CompilerServices.AsyncTaskMethodBuilder`1+AsyncStateMachineBox`1[System.Collections.Generic.List`1[Af.Core.Model.Models.Permission],Af.Core.Services.BASE.BaseServices`1+<Query>d__14[Af.Core.Model.Models.Permission]]
--------------------------------
2021/2/25 16:32:37|
方法：Query
参数：a => (a.IsDeleted == Convert(False, Nullable`1))
结果：System.Runtime.CompilerServices.AsyncTaskMethodBuilder`1+AsyncStateMachineBox`1[System.Collections.Generic.List`1[Af.Core.Model.Models.Module],Af.Core.Services.BASE.BaseServices`1+<Query>d__14[Af.Core.Model.Models.Module]]
--------------------------------
2021/2/25 16:32:37|
方法：Query
参数：a => (a.IsDeleted == Convert(False, Nullable`1))
结果：System.Runtime.CompilerServices.AsyncTaskMethodBuilder`1+AsyncStateMachineBox`1[System.Collections.Generic.List`1[Af.Core.Model.Models.Permission],Af.Core.Services.BASE.BaseServices`1+<Query>d__14[Af.Core.Model.Models.Permission]]
--------------------------------
2021/2/25 16:32:39|
方法：Query
参数：a => (a.IsDeleted == Convert(False, Nullable`1))
结果：System.Runtime.CompilerServices.AsyncTaskMethodBuilder`1+AsyncStateMachineBox`1[System.Collections.Generic.List`1[Af.Core.Model.Models.Permission],Af.Core.Services.BASE.BaseServices`1+<Query>d__14[Af.Core.Model.Models.Permission]]
--------------------------------
2021/2/25 16:32:44|
方法：Query
参数：a => (a.IsDeleted == Convert(False, Nullable`1))
结果：System.Runtime.CompilerServices.AsyncTaskMethodBuilder`1+AsyncStateMachineBox`1[System.Collections.Generic.List`1[Af.Core.Model.Models.Module],Af.Core.Services.BASE.BaseServices`1+<Query>d__14[Af.Core.Model.Models.Module]]
--------------------------------
2021/2/25 16:32:44|
方法：Query
参数：a => (a.IsDeleted == Convert(False, Nullable`1))
结果：System.Runtime.CompilerServices.AsyncTaskMethodBuilder`1+AsyncStateMachineBox`1[System.Collections.Generic.List`1[Af.Core.Model.Models.Permission],Af.Core.Services.BASE.BaseServices`1+<Query>d__14[Af.Core.Model.Models.Permission]]
--------------------------------
2021/2/25 16:32:45|
方法：Query
参数：a => (a.IsDeleted == Convert(False, Nullable`1))
结果：System.Runtime.CompilerServices.AsyncTaskMethodBuilder`1+AsyncStateMachineBox`1[System.Collections.Generic.List`1[Af.Core.Model.Models.Permission],Af.Core.Services.BASE.BaseServices`1+<Query>d__14[Af.Core.Model.Models.Permission]]
--------------------------------
2021/2/25 16:40:30|
方法：Update
参数：Af.Core.Model.Models.Permission
结果：System.Runtime.CompilerServices.AsyncTaskMethodBuilder`1+AsyncStateMachineBox`1[System.Boolean,Af.Core.Services.BASE.BaseServices`1+<Update>d__6[Af.Core.Model.Models.Permission]]
--------------------------------
2021/2/25 16:40:30|
方法：Query
参数：a => (a.IsDeleted == Convert(False, Nullable`1))
结果：System.Runtime.CompilerServices.AsyncTaskMethodBuilder`1+AsyncStateMachineBox`1[System.Collections.Generic.List`1[Af.Core.Model.Models.Module],Af.Core.Services.BASE.BaseServices`1+<Query>d__14[Af.Core.Model.Models.Module]]
--------------------------------
2021/2/25 16:40:30|
方法：Query
参数：a => (a.IsDeleted == Convert(False, Nullable`1))
结果：System.Runtime.CompilerServices.AsyncTaskMethodBuilder`1+AsyncStateMachineBox`1[System.Collections.Generic.List`1[Af.Core.Model.Models.Permission],Af.Core.Services.BASE.BaseServices`1+<Query>d__14[Af.Core.Model.Models.Permission]]
--------------------------------
2021/2/25 16:40:37|
方法：Query
参数：a => ((a.LoginName == value(Af.Core.Controllers.AuthController+<>c__DisplayClass7_0).name) AndAlso (a.LoginPwd == value(Af.Core.Controllers.AuthController+<>c__DisplayClass7_0).pass))
结果：System.Runtime.CompilerServices.AsyncTaskMethodBuilder`1+AsyncStateMachineBox`1[System.Collections.Generic.List`1[Af.Core.Model.Models.SysUserInfo],Af.Core.Services.BASE.BaseServices`1+<Query>d__14[Af.Core.Model.Models.SysUserInfo]]
--------------------------------
2021/2/25 16:40:37|
方法：GetUserRoleNameStr
参数：admin, E10ADC3949BA59ABBE56E057F20F883E
结果：System.Runtime.CompilerServices.AsyncTaskMethodBuilder`1+AsyncStateMachineBox`1[System.String,Af.Core.Services.SysUserInfoServices+<GetUserRoleNameStr>d__4]
--------------------------------
2021/2/25 16:40:37|
方法：RoleModuleMaps
参数：
结果：System.Runtime.CompilerServices.AsyncTaskMethodBuilder`1+AsyncStateMachineBox`1[System.Collections.Generic.List`1[Af.Core.Model.Models.RoleModulePermission],Af.Core.Services.RoleModulePermissionServices+<RoleModuleMaps>d__6]
--------------------------------
2021/2/25 16:40:37|
方法：QueryById
参数：1
结果：System.Runtime.CompilerServices.AsyncTaskMethodBuilder`1+AsyncStateMachineBox`1[Af.Core.Model.Models.SysUserInfo,Af.Core.Services.BASE.BaseServices`1+<QueryById>d__1[Af.Core.Model.Models.SysUserInfo]]
--------------------------------
2021/2/25 16:40:37|
方法：Query
参数：a => (a.IsDeleted == Convert(False, Nullable`1))
结果：System.Runtime.CompilerServices.AsyncTaskMethodBuilder`1+AsyncStateMachineBox`1[System.Collections.Generic.List`1[Af.Core.Model.Models.Role],Af.Core.Services.BASE.BaseServices`1+<Query>d__14[Af.Core.Model.Models.Role]]
--------------------------------
2021/2/25 16:40:37|
方法：Query
参数：a => ((a.IsDeleted == Convert(False, Nullable`1)) AndAlso (a.UserId == value(Af.Core.Controllers.UserController+<>c__DisplayClass7_0).userInfo.Id))
结果：System.Runtime.CompilerServices.AsyncTaskMethodBuilder`1+AsyncStateMachineBox`1[System.Collections.Generic.List`1[Af.Core.Model.Models.UserRole],Af.Core.Services.BASE.BaseServices`1+<Query>d__14[Af.Core.Model.Models.UserRole]]
--------------------------------
2021/2/25 16:40:37|
方法：Query
参数：a => ((a.IsDeleted == Convert(False, Nullable`1)) AndAlso (a.UserId == value(Af.Core.Controllers.PermissionController+<>c__DisplayClass8_0).uid))
结果：System.Runtime.CompilerServices.AsyncTaskMethodBuilder`1+AsyncStateMachineBox`1[System.Collections.Generic.List`1[Af.Core.Model.Models.UserRole],Af.Core.Services.BASE.BaseServices`1+<Query>d__14[Af.Core.Model.Models.UserRole]]
--------------------------------
2021/2/25 16:40:37|
方法：Query
参数：a => ((a.IsDeleted == Convert(False, Nullable`1)) AndAlso value(Af.Core.Controllers.PermissionController+<>c__DisplayClass8_0).roleIds.Contains(a.RoleId))
结果：System.Runtime.CompilerServices.AsyncTaskMethodBuilder`1+AsyncStateMachineBox`1[System.Collections.Generic.List`1[Af.Core.Model.Models.RoleModulePermission],Af.Core.Services.BASE.BaseServices`1+<Query>d__14[Af.Core.Model.Models.RoleModulePermission]]
--------------------------------
2021/2/25 16:40:37|
方法：Query
参数：a => value(Af.Core.Controllers.PermissionController+<>c__DisplayClass8_1).pids.Contains(a.Id)
结果：System.Runtime.CompilerServices.AsyncTaskMethodBuilder`1+AsyncStateMachineBox`1[System.Collections.Generic.List`1[Af.Core.Model.Models.Permission],Af.Core.Services.BASE.BaseServices`1+<Query>d__14[Af.Core.Model.Models.Permission]]
--------------------------------
2021/2/25 16:40:40|
方法：QueryPage
参数：a => ((a.IsDeleted == Convert(False, Nullable`1)) AndAlso (a.Name.Contains(value(Af.Core.Controllers.ModuleController+<>c__DisplayClass3_0).key) OrElse a.LinkUrl.Contains(value(Af.Core.Controllers.ModuleController+<>c__DisplayClass3_0).key))), 1, 50,  Id Desc
结果：System.Runtime.CompilerServices.AsyncTaskMethodBuilder`1+AsyncStateMachineBox`1[Af.Core.Model.Models.PageModel`1[Af.Core.Model.Models.Module],Af.Core.Services.BASE.BaseServices`1+<QueryPage>d__22[Af.Core.Model.Models.Module]]
--------------------------------
2021/2/25 16:40:40|
方法：Query
参数：a => (a.IsDeleted == Convert(False, Nullable`1))
结果：System.Runtime.CompilerServices.AsyncTaskMethodBuilder`1+AsyncStateMachineBox`1[System.Collections.Generic.List`1[Af.Core.Model.Models.Module],Af.Core.Services.BASE.BaseServices`1+<Query>d__14[Af.Core.Model.Models.Module]]
--------------------------------
2021/2/25 16:40:40|
方法：Query
参数：a => (a.IsDeleted == Convert(False, Nullable`1))
结果：System.Runtime.CompilerServices.AsyncTaskMethodBuilder`1+AsyncStateMachineBox`1[System.Collections.Generic.List`1[Af.Core.Model.Models.Permission],Af.Core.Services.BASE.BaseServices`1+<Query>d__14[Af.Core.Model.Models.Permission]]
--------------------------------
2021/2/25 16:40:42|
方法：Query
参数：a => (a.IsDeleted == Convert(False, Nullable`1))
结果：System.Runtime.CompilerServices.AsyncTaskMethodBuilder`1+AsyncStateMachineBox`1[System.Collections.Generic.List`1[Af.Core.Model.Models.Module],Af.Core.Services.BASE.BaseServices`1+<Query>d__14[Af.Core.Model.Models.Module]]
--------------------------------
2021/2/25 16:40:42|
方法：Query
参数：a => (a.IsDeleted == Convert(False, Nullable`1))
结果：System.Runtime.CompilerServices.AsyncTaskMethodBuilder`1+AsyncStateMachineBox`1[System.Collections.Generic.List`1[Af.Core.Model.Models.Permission],Af.Core.Services.BASE.BaseServices`1+<Query>d__14[Af.Core.Model.Models.Permission]]
--------------------------------
2021/2/25 16:40:44|
方法：Query
参数：a => (a.IsDeleted == Convert(False, Nullable`1))
结果：System.Runtime.CompilerServices.AsyncTaskMethodBuilder`1+AsyncStateMachineBox`1[System.Collections.Generic.List`1[Af.Core.Model.Models.Permission],Af.Core.Services.BASE.BaseServices`1+<Query>d__14[Af.Core.Model.Models.Permission]]
--------------------------------
2021/2/25 16:40:49|
方法：Update
参数：Af.Core.Model.Models.Permission
结果：System.Runtime.CompilerServices.AsyncTaskMethodBuilder`1+AsyncStateMachineBox`1[System.Boolean,Af.Core.Services.BASE.BaseServices`1+<Update>d__6[Af.Core.Model.Models.Permission]]
--------------------------------
2021/2/25 16:40:49|
方法：Query
参数：a => (a.IsDeleted == Convert(False, Nullable`1))
结果：System.Runtime.CompilerServices.AsyncTaskMethodBuilder`1+AsyncStateMachineBox`1[System.Collections.Generic.List`1[Af.Core.Model.Models.Module],Af.Core.Services.BASE.BaseServices`1+<Query>d__14[Af.Core.Model.Models.Module]]
--------------------------------
2021/2/25 16:40:49|
方法：Query
参数：a => (a.IsDeleted == Convert(False, Nullable`1))
结果：System.Runtime.CompilerServices.AsyncTaskMethodBuilder`1+AsyncStateMachineBox`1[System.Collections.Generic.List`1[Af.Core.Model.Models.Permission],Af.Core.Services.BASE.BaseServices`1+<Query>d__14[Af.Core.Model.Models.Permission]]
--------------------------------
2021/2/25 16:40:54|
方法：Query
参数：a => (a.IsDeleted == Convert(False, Nullable`1))
结果：System.Runtime.CompilerServices.AsyncTaskMethodBuilder`1+AsyncStateMachineBox`1[System.Collections.Generic.List`1[Af.Core.Model.Models.Permission],Af.Core.Services.BASE.BaseServices`1+<Query>d__14[Af.Core.Model.Models.Permission]]
--------------------------------
2021/2/25 16:41:01|
方法：Update
参数：Af.Core.Model.Models.Permission
结果：System.Runtime.CompilerServices.AsyncTaskMethodBuilder`1+AsyncStateMachineBox`1[System.Boolean,Af.Core.Services.BASE.BaseServices`1+<Update>d__6[Af.Core.Model.Models.Permission]]
--------------------------------
2021/2/25 16:41:01|
方法：Query
参数：a => (a.IsDeleted == Convert(False, Nullable`1))
结果：System.Runtime.CompilerServices.AsyncTaskMethodBuilder`1+AsyncStateMachineBox`1[System.Collections.Generic.List`1[Af.Core.Model.Models.Module],Af.Core.Services.BASE.BaseServices`1+<Query>d__14[Af.Core.Model.Models.Module]]
--------------------------------
2021/2/25 16:41:01|
方法：Query
参数：a => (a.IsDeleted == Convert(False, Nullable`1))
结果：System.Runtime.CompilerServices.AsyncTaskMethodBuilder`1+AsyncStateMachineBox`1[System.Collections.Generic.List`1[Af.Core.Model.Models.Permission],Af.Core.Services.BASE.BaseServices`1+<Query>d__14[Af.Core.Model.Models.Permission]]
--------------------------------
2021/2/25 16:41:04|
方法：Query
参数：a => (a.IsDeleted == Convert(False, Nullable`1))
结果：System.Runtime.CompilerServices.AsyncTaskMethodBuilder`1+AsyncStateMachineBox`1[System.Collections.Generic.List`1[Af.Core.Model.Models.Module],Af.Core.Services.BASE.BaseServices`1+<Query>d__14[Af.Core.Model.Models.Module]]
--------------------------------
2021/2/25 16:41:04|
方法：Query
参数：a => (a.IsDeleted == Convert(False, Nullable`1))
结果：System.Runtime.CompilerServices.AsyncTaskMethodBuilder`1+AsyncStateMachineBox`1[System.Collections.Generic.List`1[Af.Core.Model.Models.Permission],Af.Core.Services.BASE.BaseServices`1+<Query>d__14[Af.Core.Model.Models.Permission]]
--------------------------------
2021/2/25 16:41:05|
方法：Query
参数：a => (a.IsDeleted == Convert(False, Nullable`1))
结果：System.Runtime.CompilerServices.AsyncTaskMethodBuilder`1+AsyncStateMachineBox`1[System.Collections.Generic.List`1[Af.Core.Model.Models.Module],Af.Core.Services.BASE.BaseServices`1+<Query>d__14[Af.Core.Model.Models.Module]]
--------------------------------
2021/2/25 16:41:05|
方法：Query
参数：a => (a.IsDeleted == Convert(False, Nullable`1))
结果：System.Runtime.CompilerServices.AsyncTaskMethodBuilder`1+AsyncStateMachineBox`1[System.Collections.Generic.List`1[Af.Core.Model.Models.Permission],Af.Core.Services.BASE.BaseServices`1+<Query>d__14[Af.Core.Model.Models.Permission]]
--------------------------------
2021/2/25 16:41:05|
方法：Query
参数：a => (a.IsDeleted == Convert(False, Nullable`1))
结果：System.Runtime.CompilerServices.AsyncTaskMethodBuilder`1+AsyncStateMachineBox`1[System.Collections.Generic.List`1[Af.Core.Model.Models.Module],Af.Core.Services.BASE.BaseServices`1+<Query>d__14[Af.Core.Model.Models.Module]]
--------------------------------
2021/2/25 16:41:05|
方法：Query
参数：a => (a.IsDeleted == Convert(False, Nullable`1))
结果：System.Runtime.CompilerServices.AsyncTaskMethodBuilder`1+AsyncStateMachineBox`1[System.Collections.Generic.List`1[Af.Core.Model.Models.Permission],Af.Core.Services.BASE.BaseServices`1+<Query>d__14[Af.Core.Model.Models.Permission]]
--------------------------------
2021/2/25 16:41:05|
方法：Query
参数：a => (a.IsDeleted == Convert(False, Nullable`1))
结果：System.Runtime.CompilerServices.AsyncTaskMethodBuilder`1+AsyncStateMachineBox`1[System.Collections.Generic.List`1[Af.Core.Model.Models.Module],Af.Core.Services.BASE.BaseServices`1+<Query>d__14[Af.Core.Model.Models.Module]]
--------------------------------
2021/2/25 16:41:05|
方法：Query
参数：a => (a.IsDeleted == Convert(False, Nullable`1))
结果：System.Runtime.CompilerServices.AsyncTaskMethodBuilder`1+AsyncStateMachineBox`1[System.Collections.Generic.List`1[Af.Core.Model.Models.Permission],Af.Core.Services.BASE.BaseServices`1+<Query>d__14[Af.Core.Model.Models.Permission]]
--------------------------------
2021/2/25 16:41:06|
方法：Query
参数：a => (a.IsDeleted == Convert(False, Nullable`1))
结果：System.Runtime.CompilerServices.AsyncTaskMethodBuilder`1+AsyncStateMachineBox`1[System.Collections.Generic.List`1[Af.Core.Model.Models.Module],Af.Core.Services.BASE.BaseServices`1+<Query>d__14[Af.Core.Model.Models.Module]]
--------------------------------
2021/2/25 16:41:06|
方法：Query
参数：a => (a.IsDeleted == Convert(False, Nullable`1))
结果：System.Runtime.CompilerServices.AsyncTaskMethodBuilder`1+AsyncStateMachineBox`1[System.Collections.Generic.List`1[Af.Core.Model.Models.Permission],Af.Core.Services.BASE.BaseServices`1+<Query>d__14[Af.Core.Model.Models.Permission]]
--------------------------------
2021/2/25 16:41:06|
方法：Query
参数：a => (a.IsDeleted == Convert(False, Nullable`1))
结果：System.Runtime.CompilerServices.AsyncTaskMethodBuilder`1+AsyncStateMachineBox`1[System.Collections.Generic.List`1[Af.Core.Model.Models.Module],Af.Core.Services.BASE.BaseServices`1+<Query>d__14[Af.Core.Model.Models.Module]]
--------------------------------
2021/2/25 16:41:06|
方法：Query
参数：a => (a.IsDeleted == Convert(False, Nullable`1))
结果：System.Runtime.CompilerServices.AsyncTaskMethodBuilder`1+AsyncStateMachineBox`1[System.Collections.Generic.List`1[Af.Core.Model.Models.Permission],Af.Core.Services.BASE.BaseServices`1+<Query>d__14[Af.Core.Model.Models.Permission]]
--------------------------------
2021/2/25 16:41:08|
方法：Query
参数：a => (a.IsDeleted == Convert(False, Nullable`1))
结果：System.Runtime.CompilerServices.AsyncTaskMethodBuilder`1+AsyncStateMachineBox`1[System.Collections.Generic.List`1[Af.Core.Model.Models.Permission],Af.Core.Services.BASE.BaseServices`1+<Query>d__14[Af.Core.Model.Models.Permission]]
--------------------------------
2021/2/25 16:41:17|
方法：Update
参数：Af.Core.Model.Models.Permission
结果：System.Runtime.CompilerServices.AsyncTaskMethodBuilder`1+AsyncStateMachineBox`1[System.Boolean,Af.Core.Services.BASE.BaseServices`1+<Update>d__6[Af.Core.Model.Models.Permission]]
--------------------------------
2021/2/25 16:41:17|
方法：Query
参数：a => (a.IsDeleted == Convert(False, Nullable`1))
结果：System.Runtime.CompilerServices.AsyncTaskMethodBuilder`1+AsyncStateMachineBox`1[System.Collections.Generic.List`1[Af.Core.Model.Models.Module],Af.Core.Services.BASE.BaseServices`1+<Query>d__14[Af.Core.Model.Models.Module]]
--------------------------------
2021/2/25 16:41:17|
方法：Query
参数：a => (a.IsDeleted == Convert(False, Nullable`1))
结果：System.Runtime.CompilerServices.AsyncTaskMethodBuilder`1+AsyncStateMachineBox`1[System.Collections.Generic.List`1[Af.Core.Model.Models.Permission],Af.Core.Services.BASE.BaseServices`1+<Query>d__14[Af.Core.Model.Models.Permission]]
--------------------------------
2021/2/25 16:41:19|
方法：Query
参数：a => (a.IsDeleted == Convert(False, Nullable`1))
结果：System.Runtime.CompilerServices.AsyncTaskMethodBuilder`1+AsyncStateMachineBox`1[System.Collections.Generic.List`1[Af.Core.Model.Models.Permission],Af.Core.Services.BASE.BaseServices`1+<Query>d__14[Af.Core.Model.Models.Permission]]
--------------------------------
2021/2/25 16:42:28|
方法：Update
参数：Af.Core.Model.Models.Permission
结果：System.Runtime.CompilerServices.AsyncTaskMethodBuilder`1+AsyncStateMachineBox`1[System.Boolean,Af.Core.Services.BASE.BaseServices`1+<Update>d__6[Af.Core.Model.Models.Permission]]
--------------------------------
2021/2/25 16:42:45|
方法：Query
参数：a => (a.IsDeleted == Convert(False, Nullable`1))
结果：System.Runtime.CompilerServices.AsyncTaskMethodBuilder`1+AsyncStateMachineBox`1[System.Collections.Generic.List`1[Af.Core.Model.Models.Module],Af.Core.Services.BASE.BaseServices`1+<Query>d__14[Af.Core.Model.Models.Module]]
--------------------------------
2021/2/25 16:42:45|
方法：Query
参数：a => (a.IsDeleted == Convert(False, Nullable`1))
结果：System.Runtime.CompilerServices.AsyncTaskMethodBuilder`1+AsyncStateMachineBox`1[System.Collections.Generic.List`1[Af.Core.Model.Models.Permission],Af.Core.Services.BASE.BaseServices`1+<Query>d__14[Af.Core.Model.Models.Permission]]
--------------------------------
2021/2/25 16:42:50|
方法：Query
参数：a => ((a.LoginName == value(Af.Core.Controllers.AuthController+<>c__DisplayClass7_0).name) AndAlso (a.LoginPwd == value(Af.Core.Controllers.AuthController+<>c__DisplayClass7_0).pass))
结果：System.Runtime.CompilerServices.AsyncTaskMethodBuilder`1+AsyncStateMachineBox`1[System.Collections.Generic.List`1[Af.Core.Model.Models.SysUserInfo],Af.Core.Services.BASE.BaseServices`1+<Query>d__14[Af.Core.Model.Models.SysUserInfo]]
--------------------------------
2021/2/25 16:42:51|
方法：GetUserRoleNameStr
参数：admin, E10ADC3949BA59ABBE56E057F20F883E
结果：System.Runtime.CompilerServices.AsyncTaskMethodBuilder`1+AsyncStateMachineBox`1[System.String,Af.Core.Services.SysUserInfoServices+<GetUserRoleNameStr>d__4]
--------------------------------
2021/2/25 16:42:51|
方法：RoleModuleMaps
参数：
结果：System.Runtime.CompilerServices.AsyncTaskMethodBuilder`1+AsyncStateMachineBox`1[System.Collections.Generic.List`1[Af.Core.Model.Models.RoleModulePermission],Af.Core.Services.RoleModulePermissionServices+<RoleModuleMaps>d__6]
--------------------------------
2021/2/25 16:42:51|
方法：QueryById
参数：1
结果：System.Runtime.CompilerServices.AsyncTaskMethodBuilder`1+AsyncStateMachineBox`1[Af.Core.Model.Models.SysUserInfo,Af.Core.Services.BASE.BaseServices`1+<QueryById>d__1[Af.Core.Model.Models.SysUserInfo]]
--------------------------------
2021/2/25 16:42:51|
方法：Query
参数：a => (a.IsDeleted == Convert(False, Nullable`1))
结果：System.Runtime.CompilerServices.AsyncTaskMethodBuilder`1+AsyncStateMachineBox`1[System.Collections.Generic.List`1[Af.Core.Model.Models.Role],Af.Core.Services.BASE.BaseServices`1+<Query>d__14[Af.Core.Model.Models.Role]]
--------------------------------
2021/2/25 16:42:51|
方法：Query
参数：a => ((a.IsDeleted == Convert(False, Nullable`1)) AndAlso (a.UserId == value(Af.Core.Controllers.UserController+<>c__DisplayClass7_0).userInfo.Id))
结果：System.Runtime.CompilerServices.AsyncTaskMethodBuilder`1+AsyncStateMachineBox`1[System.Collections.Generic.List`1[Af.Core.Model.Models.UserRole],Af.Core.Services.BASE.BaseServices`1+<Query>d__14[Af.Core.Model.Models.UserRole]]
--------------------------------
2021/2/25 16:42:51|
方法：Query
参数：a => ((a.IsDeleted == Convert(False, Nullable`1)) AndAlso (a.UserId == value(Af.Core.Controllers.PermissionController+<>c__DisplayClass8_0).uid))
结果：System.Runtime.CompilerServices.AsyncTaskMethodBuilder`1+AsyncStateMachineBox`1[System.Collections.Generic.List`1[Af.Core.Model.Models.UserRole],Af.Core.Services.BASE.BaseServices`1+<Query>d__14[Af.Core.Model.Models.UserRole]]
--------------------------------
2021/2/25 16:42:51|
方法：Query
参数：a => ((a.IsDeleted == Convert(False, Nullable`1)) AndAlso value(Af.Core.Controllers.PermissionController+<>c__DisplayClass8_0).roleIds.Contains(a.RoleId))
结果：System.Runtime.CompilerServices.AsyncTaskMethodBuilder`1+AsyncStateMachineBox`1[System.Collections.Generic.List`1[Af.Core.Model.Models.RoleModulePermission],Af.Core.Services.BASE.BaseServices`1+<Query>d__14[Af.Core.Model.Models.RoleModulePermission]]
--------------------------------
2021/2/25 16:42:51|
方法：Query
参数：a => value(Af.Core.Controllers.PermissionController+<>c__DisplayClass8_1).pids.Contains(a.Id)
结果：System.Runtime.CompilerServices.AsyncTaskMethodBuilder`1+AsyncStateMachineBox`1[System.Collections.Generic.List`1[Af.Core.Model.Models.Permission],Af.Core.Services.BASE.BaseServices`1+<Query>d__14[Af.Core.Model.Models.Permission]]
--------------------------------
2021/2/25 16:42:54|
方法：Query
参数：a => (a.IsDeleted == Convert(False, Nullable`1))
结果：System.Runtime.CompilerServices.AsyncTaskMethodBuilder`1+AsyncStateMachineBox`1[System.Collections.Generic.List`1[Af.Core.Model.Models.Module],Af.Core.Services.BASE.BaseServices`1+<Query>d__14[Af.Core.Model.Models.Module]]
--------------------------------
2021/2/25 16:42:54|
方法：QueryPage
参数：a => ((a.IsDeleted == Convert(False, Nullable`1)) AndAlso (a.Name.Contains(value(Af.Core.Controllers.ModuleController+<>c__DisplayClass3_0).key) OrElse a.LinkUrl.Contains(value(Af.Core.Controllers.ModuleController+<>c__DisplayClass3_0).key))), 1, 50,  Id Desc
结果：System.Runtime.CompilerServices.AsyncTaskMethodBuilder`1+AsyncStateMachineBox`1[Af.Core.Model.Models.PageModel`1[Af.Core.Model.Models.Module],Af.Core.Services.BASE.BaseServices`1+<QueryPage>d__22[Af.Core.Model.Models.Module]]
--------------------------------
2021/2/25 16:42:54|
方法：Query
参数：a => (a.IsDeleted == Convert(False, Nullable`1))
结果：System.Runtime.CompilerServices.AsyncTaskMethodBuilder`1+AsyncStateMachineBox`1[System.Collections.Generic.List`1[Af.Core.Model.Models.Permission],Af.Core.Services.BASE.BaseServices`1+<Query>d__14[Af.Core.Model.Models.Permission]]
--------------------------------
2021/2/25 16:42:56|
方法：Query
参数：a => (a.IsDeleted == Convert(False, Nullable`1))
结果：System.Runtime.CompilerServices.AsyncTaskMethodBuilder`1+AsyncStateMachineBox`1[System.Collections.Generic.List`1[Af.Core.Model.Models.Permission],Af.Core.Services.BASE.BaseServices`1+<Query>d__14[Af.Core.Model.Models.Permission]]
--------------------------------
2021/2/25 16:43:04|
方法：Query
参数：a => (a.IsDeleted == Convert(False, Nullable`1))
结果：System.Runtime.CompilerServices.AsyncTaskMethodBuilder`1+AsyncStateMachineBox`1[System.Collections.Generic.List`1[Af.Core.Model.Models.Permission],Af.Core.Services.BASE.BaseServices`1+<Query>d__14[Af.Core.Model.Models.Permission]]
--------------------------------
2021/2/25 16:43:41|
方法：Query
参数：a => (a.IsDeleted == Convert(False, Nullable`1))
结果：System.Runtime.CompilerServices.AsyncTaskMethodBuilder`1+AsyncStateMachineBox`1[System.Collections.Generic.List`1[Af.Core.Model.Models.Permission],Af.Core.Services.BASE.BaseServices`1+<Query>d__14[Af.Core.Model.Models.Permission]]
--------------------------------
2021/2/25 16:43:51|
方法：Update
参数：Af.Core.Model.Models.Permission
结果：System.Runtime.CompilerServices.AsyncTaskMethodBuilder`1+AsyncStateMachineBox`1[System.Boolean,Af.Core.Services.BASE.BaseServices`1+<Update>d__6[Af.Core.Model.Models.Permission]]
--------------------------------
2021/2/25 16:43:51|
方法：Query
参数：a => (a.IsDeleted == Convert(False, Nullable`1))
结果：System.Runtime.CompilerServices.AsyncTaskMethodBuilder`1+AsyncStateMachineBox`1[System.Collections.Generic.List`1[Af.Core.Model.Models.Module],Af.Core.Services.BASE.BaseServices`1+<Query>d__14[Af.Core.Model.Models.Module]]
--------------------------------
2021/2/25 16:43:51|
方法：Query
参数：a => (a.IsDeleted == Convert(False, Nullable`1))
结果：System.Runtime.CompilerServices.AsyncTaskMethodBuilder`1+AsyncStateMachineBox`1[System.Collections.Generic.List`1[Af.Core.Model.Models.Permission],Af.Core.Services.BASE.BaseServices`1+<Query>d__14[Af.Core.Model.Models.Permission]]
--------------------------------
2021/2/25 16:43:57|
方法：Query
参数：a => ((a.LoginName == value(Af.Core.Controllers.AuthController+<>c__DisplayClass7_0).name) AndAlso (a.LoginPwd == value(Af.Core.Controllers.AuthController+<>c__DisplayClass7_0).pass))
结果：System.Runtime.CompilerServices.AsyncTaskMethodBuilder`1+AsyncStateMachineBox`1[System.Collections.Generic.List`1[Af.Core.Model.Models.SysUserInfo],Af.Core.Services.BASE.BaseServices`1+<Query>d__14[Af.Core.Model.Models.SysUserInfo]]
--------------------------------
2021/2/25 16:43:57|
方法：GetUserRoleNameStr
参数：admin, E10ADC3949BA59ABBE56E057F20F883E
结果：System.Runtime.CompilerServices.AsyncTaskMethodBuilder`1+AsyncStateMachineBox`1[System.String,Af.Core.Services.SysUserInfoServices+<GetUserRoleNameStr>d__4]
--------------------------------
2021/2/25 16:43:57|
方法：RoleModuleMaps
参数：
结果：System.Runtime.CompilerServices.AsyncTaskMethodBuilder`1+AsyncStateMachineBox`1[System.Collections.Generic.List`1[Af.Core.Model.Models.RoleModulePermission],Af.Core.Services.RoleModulePermissionServices+<RoleModuleMaps>d__6]
--------------------------------
2021/2/25 16:43:57|
方法：QueryById
参数：1
结果：System.Runtime.CompilerServices.AsyncTaskMethodBuilder`1+AsyncStateMachineBox`1[Af.Core.Model.Models.SysUserInfo,Af.Core.Services.BASE.BaseServices`1+<QueryById>d__1[Af.Core.Model.Models.SysUserInfo]]
--------------------------------
2021/2/25 16:43:57|
方法：Query
参数：a => (a.IsDeleted == Convert(False, Nullable`1))
结果：System.Runtime.CompilerServices.AsyncTaskMethodBuilder`1+AsyncStateMachineBox`1[System.Collections.Generic.List`1[Af.Core.Model.Models.Role],Af.Core.Services.BASE.BaseServices`1+<Query>d__14[Af.Core.Model.Models.Role]]
--------------------------------
2021/2/25 16:43:57|
方法：Query
参数：a => ((a.IsDeleted == Convert(False, Nullable`1)) AndAlso (a.UserId == value(Af.Core.Controllers.UserController+<>c__DisplayClass7_0).userInfo.Id))
结果：System.Runtime.CompilerServices.AsyncTaskMethodBuilder`1+AsyncStateMachineBox`1[System.Collections.Generic.List`1[Af.Core.Model.Models.UserRole],Af.Core.Services.BASE.BaseServices`1+<Query>d__14[Af.Core.Model.Models.UserRole]]
--------------------------------
2021/2/25 16:43:57|
方法：Query
参数：a => ((a.IsDeleted == Convert(False, Nullable`1)) AndAlso (a.UserId == value(Af.Core.Controllers.PermissionController+<>c__DisplayClass8_0).uid))
结果：System.Runtime.CompilerServices.AsyncTaskMethodBuilder`1+AsyncStateMachineBox`1[System.Collections.Generic.List`1[Af.Core.Model.Models.UserRole],Af.Core.Services.BASE.BaseServices`1+<Query>d__14[Af.Core.Model.Models.UserRole]]
--------------------------------
2021/2/25 16:43:57|
方法：Query
参数：a => ((a.IsDeleted == Convert(False, Nullable`1)) AndAlso value(Af.Core.Controllers.PermissionController+<>c__DisplayClass8_0).roleIds.Contains(a.RoleId))
结果：System.Runtime.CompilerServices.AsyncTaskMethodBuilder`1+AsyncStateMachineBox`1[System.Collections.Generic.List`1[Af.Core.Model.Models.RoleModulePermission],Af.Core.Services.BASE.BaseServices`1+<Query>d__14[Af.Core.Model.Models.RoleModulePermission]]
--------------------------------
2021/2/25 16:43:57|
方法：Query
参数：a => value(Af.Core.Controllers.PermissionController+<>c__DisplayClass8_1).pids.Contains(a.Id)
结果：System.Runtime.CompilerServices.AsyncTaskMethodBuilder`1+AsyncStateMachineBox`1[System.Collections.Generic.List`1[Af.Core.Model.Models.Permission],Af.Core.Services.BASE.BaseServices`1+<Query>d__14[Af.Core.Model.Models.Permission]]
--------------------------------
2021/2/25 16:44:00|
方法：Query
参数：a => (a.IsDeleted == Convert(False, Nullable`1))
结果：System.Runtime.CompilerServices.AsyncTaskMethodBuilder`1+AsyncStateMachineBox`1[System.Collections.Generic.List`1[Af.Core.Model.Models.Module],Af.Core.Services.BASE.BaseServices`1+<Query>d__14[Af.Core.Model.Models.Module]]
--------------------------------
2021/2/25 16:44:00|
方法：QueryPage
参数：a => ((a.IsDeleted == Convert(False, Nullable`1)) AndAlso (a.Name.Contains(value(Af.Core.Controllers.ModuleController+<>c__DisplayClass3_0).key) OrElse a.LinkUrl.Contains(value(Af.Core.Controllers.ModuleController+<>c__DisplayClass3_0).key))), 1, 50,  Id Desc
结果：System.Runtime.CompilerServices.AsyncTaskMethodBuilder`1+AsyncStateMachineBox`1[Af.Core.Model.Models.PageModel`1[Af.Core.Model.Models.Module],Af.Core.Services.BASE.BaseServices`1+<QueryPage>d__22[Af.Core.Model.Models.Module]]
--------------------------------
2021/2/25 16:44:00|
方法：Query
参数：a => (a.IsDeleted == Convert(False, Nullable`1))
结果：System.Runtime.CompilerServices.AsyncTaskMethodBuilder`1+AsyncStateMachineBox`1[System.Collections.Generic.List`1[Af.Core.Model.Models.Permission],Af.Core.Services.BASE.BaseServices`1+<Query>d__14[Af.Core.Model.Models.Permission]]
--------------------------------
2021/2/25 16:44:02|
方法：Query
参数：a => (a.IsDeleted == Convert(False, Nullable`1))
结果：System.Runtime.CompilerServices.AsyncTaskMethodBuilder`1+AsyncStateMachineBox`1[System.Collections.Generic.List`1[Af.Core.Model.Models.Permission],Af.Core.Services.BASE.BaseServices`1+<Query>d__14[Af.Core.Model.Models.Permission]]
--------------------------------
2021/2/25 16:47:02|
方法：Update
参数：Af.Core.Model.Models.Permission
结果：System.Runtime.CompilerServices.AsyncTaskMethodBuilder`1+AsyncStateMachineBox`1[System.Boolean,Af.Core.Services.BASE.BaseServices`1+<Update>d__6[Af.Core.Model.Models.Permission]]
--------------------------------
2021/2/25 16:47:02|
方法：Query
参数：a => (a.IsDeleted == Convert(False, Nullable`1))
结果：System.Runtime.CompilerServices.AsyncTaskMethodBuilder`1+AsyncStateMachineBox`1[System.Collections.Generic.List`1[Af.Core.Model.Models.Module],Af.Core.Services.BASE.BaseServices`1+<Query>d__14[Af.Core.Model.Models.Module]]
--------------------------------
2021/2/25 16:47:02|
方法：Query
参数：a => (a.IsDeleted == Convert(False, Nullable`1))
结果：System.Runtime.CompilerServices.AsyncTaskMethodBuilder`1+AsyncStateMachineBox`1[System.Collections.Generic.List`1[Af.Core.Model.Models.Permission],Af.Core.Services.BASE.BaseServices`1+<Query>d__14[Af.Core.Model.Models.Permission]]
--------------------------------
2021/2/25 16:47:09|
方法：Query
参数：a => (a.IsDeleted == Convert(False, Nullable`1))
结果：System.Runtime.CompilerServices.AsyncTaskMethodBuilder`1+AsyncStateMachineBox`1[System.Collections.Generic.List`1[Af.Core.Model.Models.Module],Af.Core.Services.BASE.BaseServices`1+<Query>d__14[Af.Core.Model.Models.Module]]
--------------------------------
2021/2/25 16:47:09|
方法：Query
参数：a => (a.IsDeleted == Convert(False, Nullable`1))
结果：System.Runtime.CompilerServices.AsyncTaskMethodBuilder`1+AsyncStateMachineBox`1[System.Collections.Generic.List`1[Af.Core.Model.Models.Permission],Af.Core.Services.BASE.BaseServices`1+<Query>d__14[Af.Core.Model.Models.Permission]]
--------------------------------
2021/2/25 16:47:11|
方法：Query
参数：a => (a.IsDeleted == Convert(False, Nullable`1))
结果：System.Runtime.CompilerServices.AsyncTaskMethodBuilder`1+AsyncStateMachineBox`1[System.Collections.Generic.List`1[Af.Core.Model.Models.Module],Af.Core.Services.BASE.BaseServices`1+<Query>d__14[Af.Core.Model.Models.Module]]
--------------------------------
2021/2/25 16:47:11|
方法：Query
参数：a => (a.IsDeleted == Convert(False, Nullable`1))
结果：System.Runtime.CompilerServices.AsyncTaskMethodBuilder`1+AsyncStateMachineBox`1[System.Collections.Generic.List`1[Af.Core.Model.Models.Permission],Af.Core.Services.BASE.BaseServices`1+<Query>d__14[Af.Core.Model.Models.Permission]]
--------------------------------
2021/2/25 16:47:28|
方法：Query
参数：a => (a.IsDeleted == Convert(False, Nullable`1))
结果：System.Runtime.CompilerServices.AsyncTaskMethodBuilder`1+AsyncStateMachineBox`1[System.Collections.Generic.List`1[Af.Core.Model.Models.Module],Af.Core.Services.BASE.BaseServices`1+<Query>d__14[Af.Core.Model.Models.Module]]
--------------------------------
2021/2/25 16:47:28|
方法：Query
参数：a => (a.IsDeleted == Convert(False, Nullable`1))
结果：System.Runtime.CompilerServices.AsyncTaskMethodBuilder`1+AsyncStateMachineBox`1[System.Collections.Generic.List`1[Af.Core.Model.Models.Permission],Af.Core.Services.BASE.BaseServices`1+<Query>d__14[Af.Core.Model.Models.Permission]]
--------------------------------
2021/2/25 16:47:31|
方法：Query
参数：a => (a.IsDeleted == Convert(False, Nullable`1))
结果：System.Runtime.CompilerServices.AsyncTaskMethodBuilder`1+AsyncStateMachineBox`1[System.Collections.Generic.List`1[Af.Core.Model.Models.Permission],Af.Core.Services.BASE.BaseServices`1+<Query>d__14[Af.Core.Model.Models.Permission]]
--------------------------------
2021/2/25 16:47:43|
方法：QueryPage
参数：a => ((a.IsDeleted == Convert(False, Nullable`1)) AndAlso (a.Name.Contains(value(Af.Core.Controllers.ModuleController+<>c__DisplayClass3_0).key) OrElse a.LinkUrl.Contains(value(Af.Core.Controllers.ModuleController+<>c__DisplayClass3_0).key))), 1, 50,  Id Desc
结果：System.Runtime.CompilerServices.AsyncTaskMethodBuilder`1+AsyncStateMachineBox`1[Af.Core.Model.Models.PageModel`1[Af.Core.Model.Models.Module],Af.Core.Services.BASE.BaseServices`1+<QueryPage>d__22[Af.Core.Model.Models.Module]]
--------------------------------
2021/2/25 16:47:51|
方法：Query
参数：a => (a.IsDeleted == Convert(False, Nullable`1))
结果：System.Runtime.CompilerServices.AsyncTaskMethodBuilder`1+AsyncStateMachineBox`1[System.Collections.Generic.List`1[Af.Core.Model.Models.Permission],Af.Core.Services.BASE.BaseServices`1+<Query>d__14[Af.Core.Model.Models.Permission]]
--------------------------------
2021/2/25 16:48:41|
方法：Query
参数：a => (a.IsDeleted == Convert(False, Nullable`1))
结果：System.Runtime.CompilerServices.AsyncTaskMethodBuilder`1+AsyncStateMachineBox`1[System.Collections.Generic.List`1[Af.Core.Model.Models.Module],Af.Core.Services.BASE.BaseServices`1+<Query>d__14[Af.Core.Model.Models.Module]]
--------------------------------
2021/2/25 16:48:41|
方法：Query
参数：a => (a.IsDeleted == Convert(False, Nullable`1))
结果：System.Runtime.CompilerServices.AsyncTaskMethodBuilder`1+AsyncStateMachineBox`1[System.Collections.Generic.List`1[Af.Core.Model.Models.Permission],Af.Core.Services.BASE.BaseServices`1+<Query>d__14[Af.Core.Model.Models.Permission]]
--------------------------------
2021/2/25 16:48:41|
方法：QueryPage
参数：a => ((a.IsDeleted == Convert(False, Nullable`1)) AndAlso (a.Name.Contains(value(Af.Core.Controllers.ModuleController+<>c__DisplayClass3_0).key) OrElse a.LinkUrl.Contains(value(Af.Core.Controllers.ModuleController+<>c__DisplayClass3_0).key))), 1, 50,  Id Desc
结果：System.Runtime.CompilerServices.AsyncTaskMethodBuilder`1+AsyncStateMachineBox`1[Af.Core.Model.Models.PageModel`1[Af.Core.Model.Models.Module],Af.Core.Services.BASE.BaseServices`1+<QueryPage>d__22[Af.Core.Model.Models.Module]]
--------------------------------
2021/2/25 16:49:19|
方法：QueryPage
参数：a => ((a.IsDeleted == Convert(False, Nullable`1)) AndAlso (a.Name.Contains(value(Af.Core.Controllers.ModuleController+<>c__DisplayClass3_0).key) OrElse a.LinkUrl.Contains(value(Af.Core.Controllers.ModuleController+<>c__DisplayClass3_0).key))), 1, 50,  Id Desc
结果：System.Runtime.CompilerServices.AsyncTaskMethodBuilder`1+AsyncStateMachineBox`1[Af.Core.Model.Models.PageModel`1[Af.Core.Model.Models.Module],Af.Core.Services.BASE.BaseServices`1+<QueryPage>d__22[Af.Core.Model.Models.Module]]
--------------------------------
2021/2/25 16:49:19|
方法：Query
参数：a => (a.IsDeleted == Convert(False, Nullable`1))
结果：System.Runtime.CompilerServices.AsyncTaskMethodBuilder`1+AsyncStateMachineBox`1[System.Collections.Generic.List`1[Af.Core.Model.Models.Module],Af.Core.Services.BASE.BaseServices`1+<Query>d__14[Af.Core.Model.Models.Module]]
--------------------------------
2021/2/25 16:49:19|
方法：Query
参数：a => (a.IsDeleted == Convert(False, Nullable`1))
结果：System.Runtime.CompilerServices.AsyncTaskMethodBuilder`1+AsyncStateMachineBox`1[System.Collections.Generic.List`1[Af.Core.Model.Models.Permission],Af.Core.Services.BASE.BaseServices`1+<Query>d__14[Af.Core.Model.Models.Permission]]
--------------------------------
2021/2/25 16:49:28|
方法：Query
参数：a => (a.IsDeleted == Convert(False, Nullable`1))
结果：System.Runtime.CompilerServices.AsyncTaskMethodBuilder`1+AsyncStateMachineBox`1[System.Collections.Generic.List`1[Af.Core.Model.Models.Module],Af.Core.Services.BASE.BaseServices`1+<Query>d__14[Af.Core.Model.Models.Module]]
--------------------------------
2021/2/25 16:49:28|
方法：QueryPage
参数：a => ((a.IsDeleted == Convert(False, Nullable`1)) AndAlso (a.Name.Contains(value(Af.Core.Controllers.ModuleController+<>c__DisplayClass3_0).key) OrElse a.LinkUrl.Contains(value(Af.Core.Controllers.ModuleController+<>c__DisplayClass3_0).key))), 1, 50,  Id Desc
结果：System.Runtime.CompilerServices.AsyncTaskMethodBuilder`1+AsyncStateMachineBox`1[Af.Core.Model.Models.PageModel`1[Af.Core.Model.Models.Module],Af.Core.Services.BASE.BaseServices`1+<QueryPage>d__22[Af.Core.Model.Models.Module]]
--------------------------------
2021/2/25 16:49:28|
方法：Query
参数：a => (a.IsDeleted == Convert(False, Nullable`1))
结果：System.Runtime.CompilerServices.AsyncTaskMethodBuilder`1+AsyncStateMachineBox`1[System.Collections.Generic.List`1[Af.Core.Model.Models.Permission],Af.Core.Services.BASE.BaseServices`1+<Query>d__14[Af.Core.Model.Models.Permission]]
--------------------------------
2021/2/25 16:49:36|
方法：QueryPage
参数：a => ((a.IsDeleted == Convert(False, Nullable`1)) AndAlso (a.Name.Contains(value(Af.Core.Controllers.ModuleController+<>c__DisplayClass3_0).key) OrElse a.LinkUrl.Contains(value(Af.Core.Controllers.ModuleController+<>c__DisplayClass3_0).key))), 1, 50,  Id Desc
结果：System.Runtime.CompilerServices.AsyncTaskMethodBuilder`1+AsyncStateMachineBox`1[Af.Core.Model.Models.PageModel`1[Af.Core.Model.Models.Module],Af.Core.Services.BASE.BaseServices`1+<QueryPage>d__22[Af.Core.Model.Models.Module]]
--------------------------------
2021/2/25 16:49:36|
方法：Query
参数：a => (a.IsDeleted == Convert(False, Nullable`1))
结果：System.Runtime.CompilerServices.AsyncTaskMethodBuilder`1+AsyncStateMachineBox`1[System.Collections.Generic.List`1[Af.Core.Model.Models.Module],Af.Core.Services.BASE.BaseServices`1+<Query>d__14[Af.Core.Model.Models.Module]]
--------------------------------
2021/2/25 16:49:36|
方法：Query
参数：a => (a.IsDeleted == Convert(False, Nullable`1))
结果：System.Runtime.CompilerServices.AsyncTaskMethodBuilder`1+AsyncStateMachineBox`1[System.Collections.Generic.List`1[Af.Core.Model.Models.Permission],Af.Core.Services.BASE.BaseServices`1+<Query>d__14[Af.Core.Model.Models.Permission]]
--------------------------------
2021/2/25 16:49:57|
方法：QueryPage
参数：a => ((a.IsDeleted == Convert(False, Nullable`1)) AndAlso (a.Name.Contains(value(Af.Core.Controllers.ModuleController+<>c__DisplayClass3_0).key) OrElse a.LinkUrl.Contains(value(Af.Core.Controllers.ModuleController+<>c__DisplayClass3_0).key))), 1, 50,  Id Desc
结果：System.Runtime.CompilerServices.AsyncTaskMethodBuilder`1+AsyncStateMachineBox`1[Af.Core.Model.Models.PageModel`1[Af.Core.Model.Models.Module],Af.Core.Services.BASE.BaseServices`1+<QueryPage>d__22[Af.Core.Model.Models.Module]]
--------------------------------
2021/2/25 16:49:57|
方法：Query
参数：a => (a.IsDeleted == Convert(False, Nullable`1))
结果：System.Runtime.CompilerServices.AsyncTaskMethodBuilder`1+AsyncStateMachineBox`1[System.Collections.Generic.List`1[Af.Core.Model.Models.Module],Af.Core.Services.BASE.BaseServices`1+<Query>d__14[Af.Core.Model.Models.Module]]
--------------------------------
2021/2/25 16:49:57|
方法：Query
参数：a => (a.IsDeleted == Convert(False, Nullable`1))
结果：System.Runtime.CompilerServices.AsyncTaskMethodBuilder`1+AsyncStateMachineBox`1[System.Collections.Generic.List`1[Af.Core.Model.Models.Permission],Af.Core.Services.BASE.BaseServices`1+<Query>d__14[Af.Core.Model.Models.Permission]]
--------------------------------
2021/2/25 16:50:35|
方法：QueryPage
参数：a => ((a.IsDeleted == Convert(False, Nullable`1)) AndAlso (a.Name.Contains(value(Af.Core.Controllers.ModuleController+<>c__DisplayClass3_0).key) OrElse a.LinkUrl.Contains(value(Af.Core.Controllers.ModuleController+<>c__DisplayClass3_0).key))), 1, 50,  Id Desc
结果：System.Runtime.CompilerServices.AsyncTaskMethodBuilder`1+AsyncStateMachineBox`1[Af.Core.Model.Models.PageModel`1[Af.Core.Model.Models.Module],Af.Core.Services.BASE.BaseServices`1+<QueryPage>d__22[Af.Core.Model.Models.Module]]
--------------------------------
2021/2/25 16:50:35|
方法：Query
参数：a => (a.IsDeleted == Convert(False, Nullable`1))
结果：System.Runtime.CompilerServices.AsyncTaskMethodBuilder`1+AsyncStateMachineBox`1[System.Collections.Generic.List`1[Af.Core.Model.Models.Module],Af.Core.Services.BASE.BaseServices`1+<Query>d__14[Af.Core.Model.Models.Module]]
--------------------------------
2021/2/25 16:50:35|
方法：Query
参数：a => (a.IsDeleted == Convert(False, Nullable`1))
结果：System.Runtime.CompilerServices.AsyncTaskMethodBuilder`1+AsyncStateMachineBox`1[System.Collections.Generic.List`1[Af.Core.Model.Models.Permission],Af.Core.Services.BASE.BaseServices`1+<Query>d__14[Af.Core.Model.Models.Permission]]
--------------------------------
2021/2/25 16:51:03|
方法：Query
参数：a => (a.IsDeleted == Convert(False, Nullable`1))
结果：System.Runtime.CompilerServices.AsyncTaskMethodBuilder`1+AsyncStateMachineBox`1[System.Collections.Generic.List`1[Af.Core.Model.Models.Module],Af.Core.Services.BASE.BaseServices`1+<Query>d__14[Af.Core.Model.Models.Module]]
--------------------------------
2021/2/25 16:51:03|
方法：QueryPage
参数：a => ((a.IsDeleted == Convert(False, Nullable`1)) AndAlso (a.Name.Contains(value(Af.Core.Controllers.ModuleController+<>c__DisplayClass3_0).key) OrElse a.LinkUrl.Contains(value(Af.Core.Controllers.ModuleController+<>c__DisplayClass3_0).key))), 1, 50,  Id Desc
结果：System.Runtime.CompilerServices.AsyncTaskMethodBuilder`1+AsyncStateMachineBox`1[Af.Core.Model.Models.PageModel`1[Af.Core.Model.Models.Module],Af.Core.Services.BASE.BaseServices`1+<QueryPage>d__22[Af.Core.Model.Models.Module]]
--------------------------------
2021/2/25 16:51:03|
方法：Query
参数：a => (a.IsDeleted == Convert(False, Nullable`1))
结果：System.Runtime.CompilerServices.AsyncTaskMethodBuilder`1+AsyncStateMachineBox`1[System.Collections.Generic.List`1[Af.Core.Model.Models.Permission],Af.Core.Services.BASE.BaseServices`1+<Query>d__14[Af.Core.Model.Models.Permission]]
