--------------------------------
02/26/2021 06:43:18|
【SQL参数】：@IsDeleted0:False

【SQL语句】:SELECT [Id],[IsDeleted],[Name],[LinkUrl],[Area],[Controller],[Action],[Icon],[Code],[OrderSort],[Description],[IsMenu],[Enabled],[CreateId],[CreateBy],[CreateTime],[ModifyId],[ModifyBy],[ModifyTime] FROM [AF_Module] WITH(NOLOCK)   WHERE ( [IsDeleted] = @IsDeleted0 )
--------------------------------
02/26/2021 06:43:18|
【SQL参数】：@IsDeleted0:False

【SQL语句】:SELECT [Id],[PId],[Code],[Name],[IsButton],[IsHide],[IskeepAlive],[Func],[OrderSort],[Icon],[Description],[Enabled],[CreateId],[CreateBy],[CreateTime],[ModifyId],[ModifyBy],[ModifyTime],[IsDeleted] FROM [AF_Permission] WITH(NOLOCK)   WHERE ( [IsDeleted] = @IsDeleted0 )
--------------------------------
02/26/2021 06:43:25|
【SQL参数】：@IsDeleted0:False

【SQL语句】:SELECT [Id],[PId],[Code],[Name],[IsButton],[IsHide],[IskeepAlive],[Func],[OrderSort],[Icon],[Description],[Enabled],[CreateId],[CreateBy],[CreateTime],[ModifyId],[ModifyBy],[ModifyTime],[IsDeleted] FROM [AF_Permission] WITH(NOLOCK)   WHERE ( [IsDeleted] = @IsDeleted0 )
--------------------------------
02/26/2021 06:43:42|
【SQL参数】：@Id:28
@PId:3
@Code:  
@Name:权限分配
@IsButton:True
@IsHide:False
@IskeepAlive:False
@Func:handleAssign
@OrderSort:5
@Icon:
@Description:分配角色权限
@Enabled:True
@CreateId:1
@CreateBy:admin
@CreateTime:02/26/2021 00:00:00
@ModifyId:1
@ModifyBy:admin
@ModifyTime:02/26/2021 00:00:00
@IsDeleted:False

【SQL语句】:UPDATE [AF_Permission]  SET
           [PId]=@PId,[Code]=@Code,[Name]=@Name,[IsButton]=@IsButton,[IsHide]=@IsHide,[IskeepAlive]=@IskeepAlive,[Func]=@Func,[OrderSort]=@OrderSort,[Icon]=@Icon,[Description]=@Description,[Enabled]=@Enabled,[CreateId]=@CreateId,[CreateBy]=@CreateBy,[CreateTime]=@CreateTime,[ModifyId]=@ModifyId,[ModifyBy]=@ModifyBy,[ModifyTime]=@ModifyTime,[IsDeleted]=@IsDeleted  WHERE [Id]=@Id
--------------------------------
02/26/2021 06:43:42|
【SQL参数】：@IsDeleted0:False

【SQL语句】:SELECT [Id],[IsDeleted],[Name],[LinkUrl],[Area],[Controller],[Action],[Icon],[Code],[OrderSort],[Description],[IsMenu],[Enabled],[CreateId],[CreateBy],[CreateTime],[ModifyId],[ModifyBy],[ModifyTime] FROM [AF_Module] WITH(NOLOCK)   WHERE ( [IsDeleted] = @IsDeleted0 )
--------------------------------
02/26/2021 06:43:42|
【SQL参数】：@IsDeleted0:False

【SQL语句】:SELECT [Id],[PId],[Code],[Name],[IsButton],[IsHide],[IskeepAlive],[Func],[OrderSort],[Icon],[Description],[Enabled],[CreateId],[CreateBy],[CreateTime],[ModifyId],[ModifyBy],[ModifyTime],[IsDeleted] FROM [AF_Permission] WITH(NOLOCK)   WHERE ( [IsDeleted] = @IsDeleted0 )
--------------------------------
02/26/2021 06:43:48|
【SQL参数】：@IsDeleted0:False

【SQL语句】:SELECT [Id],[PId],[Code],[Name],[IsButton],[IsHide],[IskeepAlive],[Func],[OrderSort],[Icon],[Description],[Enabled],[CreateId],[CreateBy],[CreateTime],[ModifyId],[ModifyBy],[ModifyTime],[IsDeleted] FROM [AF_Permission] WITH(NOLOCK)   WHERE ( [IsDeleted] = @IsDeleted0 )
--------------------------------
02/26/2021 06:44:39|
【SQL参数】：@IsDeleted0:False

【SQL语句】:SELECT [Id],[IsDeleted],[Name],[LinkUrl],[Area],[Controller],[Action],[Icon],[Code],[OrderSort],[Description],[IsMenu],[Enabled],[CreateId],[CreateBy],[CreateTime],[ModifyId],[ModifyBy],[ModifyTime] FROM [AF_Module] WITH(NOLOCK)   WHERE ( [IsDeleted] = @IsDeleted0 )
--------------------------------
02/26/2021 06:44:39|
【SQL参数】：@IsDeleted0:False

【SQL语句】:SELECT [Id],[PId],[Code],[Name],[IsButton],[IsHide],[IskeepAlive],[Func],[OrderSort],[Icon],[Description],[Enabled],[CreateId],[CreateBy],[CreateTime],[ModifyId],[ModifyBy],[ModifyTime],[IsDeleted] FROM [AF_Permission] WITH(NOLOCK)   WHERE ( [IsDeleted] = @IsDeleted0 )
--------------------------------
02/26/2021 06:44:43|
【SQL参数】：@IsDeleted0:False

【SQL语句】:SELECT [Id],[PId],[Code],[Name],[IsButton],[IsHide],[IskeepAlive],[Func],[OrderSort],[Icon],[Description],[Enabled],[CreateId],[CreateBy],[CreateTime],[ModifyId],[ModifyBy],[ModifyTime],[IsDeleted] FROM [AF_Permission] WITH(NOLOCK)   WHERE ( [IsDeleted] = @IsDeleted0 )
--------------------------------
02/26/2021 06:44:50|
【SQL参数】：@IsDeleted0:False

【SQL语句】:SELECT [Id],[IsDeleted],[Name],[LinkUrl],[Area],[Controller],[Action],[Icon],[Code],[OrderSort],[Description],[IsMenu],[Enabled],[CreateId],[CreateBy],[CreateTime],[ModifyId],[ModifyBy],[ModifyTime] FROM [AF_Module] WITH(NOLOCK)   WHERE ( [IsDeleted] = @IsDeleted0 )
--------------------------------
02/26/2021 06:44:50|
【SQL参数】：@IsDeleted0:False
@MethodConst1:
@MethodConst2:

【SQL语句】: SELECT COUNT(1) FROM (SELECT [Id],[IsDeleted],[Name],[LinkUrl],[Area],[Controller],[Action],[Icon],[Code],[OrderSort],[Description],[IsMenu],[Enabled],[CreateId],[CreateBy],[CreateTime],[ModifyId],[ModifyBy],[ModifyTime] FROM [AF_Module] WITH(NOLOCK)   WHERE (( [IsDeleted] = @IsDeleted0 ) AND (([Name] like '%'+@MethodConst1+'%') OR ([LinkUrl] like '%'+@MethodConst2+'%') ))) CountTable 
--------------------------------
02/26/2021 06:44:50|
【SQL参数】：@IsDeleted0:False

【SQL语句】:SELECT [Id],[PId],[Code],[Name],[IsButton],[IsHide],[IskeepAlive],[Func],[OrderSort],[Icon],[Description],[Enabled],[CreateId],[CreateBy],[CreateTime],[ModifyId],[ModifyBy],[ModifyTime],[IsDeleted] FROM [AF_Permission] WITH(NOLOCK)   WHERE ( [IsDeleted] = @IsDeleted0 )
--------------------------------
02/26/2021 06:44:50|
【SQL参数】：@IsDeleted0:False
@MethodConst1:
@MethodConst2:

【SQL语句】:SELECT * FROM (SELECT [Id],[IsDeleted],[Name],[LinkUrl],[Area],[Controller],[Action],[Icon],[Code],[OrderSort],[Description],[IsMenu],[Enabled],[CreateId],[CreateBy],[CreateTime],[ModifyId],[ModifyBy],[ModifyTime],ROW_NUMBER() OVER(ORDER BY  Id Desc) AS RowIndex  FROM [AF_Module] WITH(NOLOCK)   WHERE (( [IsDeleted] = @IsDeleted0 ) AND (([Name] like '%'+@MethodConst1+'%') OR ([LinkUrl] like '%'+@MethodConst2+'%') ))) T WHERE RowIndex BETWEEN 1 AND 50
--------------------------------
02/26/2021 06:44:52|
【SQL参数】：@IsDeleted0:False

【SQL语句】:SELECT [Id],[IsDeleted],[Name],[LinkUrl],[Area],[Controller],[Action],[Icon],[Code],[OrderSort],[Description],[IsMenu],[Enabled],[CreateId],[CreateBy],[CreateTime],[ModifyId],[ModifyBy],[ModifyTime] FROM [AF_Module] WITH(NOLOCK)   WHERE ( [IsDeleted] = @IsDeleted0 )
--------------------------------
02/26/2021 06:44:52|
【SQL参数】：@IsDeleted0:False

【SQL语句】:SELECT [Id],[PId],[Code],[Name],[IsButton],[IsHide],[IskeepAlive],[Func],[OrderSort],[Icon],[Description],[Enabled],[CreateId],[CreateBy],[CreateTime],[ModifyId],[ModifyBy],[ModifyTime],[IsDeleted] FROM [AF_Permission] WITH(NOLOCK)   WHERE ( [IsDeleted] = @IsDeleted0 )
--------------------------------
02/26/2021 06:44:54|
【SQL参数】：@IsDeleted0:False

【SQL语句】:SELECT [Id],[IsDeleted],[Name],[LinkUrl],[Area],[Controller],[Action],[Icon],[Code],[OrderSort],[Description],[IsMenu],[Enabled],[CreateId],[CreateBy],[CreateTime],[ModifyId],[ModifyBy],[ModifyTime] FROM [AF_Module] WITH(NOLOCK)   WHERE ( [IsDeleted] = @IsDeleted0 )
--------------------------------
02/26/2021 06:44:54|
【SQL参数】：@IsDeleted0:False

【SQL语句】:SELECT [Id],[PId],[Code],[Name],[IsButton],[IsHide],[IskeepAlive],[Func],[OrderSort],[Icon],[Description],[Enabled],[CreateId],[CreateBy],[CreateTime],[ModifyId],[ModifyBy],[ModifyTime],[IsDeleted] FROM [AF_Permission] WITH(NOLOCK)   WHERE ( [IsDeleted] = @IsDeleted0 )
--------------------------------
02/26/2021 06:44:58|
【SQL参数】：@IsDeleted0:False

【SQL语句】:SELECT [Id],[PId],[Code],[Name],[IsButton],[IsHide],[IskeepAlive],[Func],[OrderSort],[Icon],[Description],[Enabled],[CreateId],[CreateBy],[CreateTime],[ModifyId],[ModifyBy],[ModifyTime],[IsDeleted] FROM [AF_Permission] WITH(NOLOCK)   WHERE ( [IsDeleted] = @IsDeleted0 )
--------------------------------
02/26/2021 06:45:12|
【SQL参数】：@IsDeleted0:False
@MethodConst1:

【SQL语句】: SELECT COUNT(1) FROM (SELECT [Id],[IsDeleted],[Name],[Description],[OrderSort],[Enabled],[CreateId],[CreateBy],[CreateTime],[ModifyId],[ModifyBy],[ModifyTime] FROM [AF_Role] WITH(NOLOCK)   WHERE (( [IsDeleted] = @IsDeleted0 ) AND  ([Name] like '%'+@MethodConst1+'%') )) CountTable 
--------------------------------
02/26/2021 06:45:12|
【SQL参数】：@IsDeleted0:False
@MethodConst1:

【SQL语句】:SELECT * FROM (SELECT [Id],[IsDeleted],[Name],[Description],[OrderSort],[Enabled],[CreateId],[CreateBy],[CreateTime],[ModifyId],[ModifyBy],[ModifyTime],ROW_NUMBER() OVER(ORDER BY Id Desc) AS RowIndex  FROM [AF_Role] WITH(NOLOCK)   WHERE (( [IsDeleted] = @IsDeleted0 ) AND  ([Name] like '%'+@MethodConst1+'%') )) T WHERE RowIndex BETWEEN 1 AND 50
--------------------------------
02/26/2021 06:45:59|
【SQL参数】：@LoginName0:admin
@LoginPwd1:E10ADC3949BA59ABBE56E057F20F883E

【SQL语句】:SELECT [Id],[RealName],[LoginName],[LoginPwd],[Status],[Remark],[Sex],[Age],[Birth],[Address],[CreateId],[CreateBy],[CreateTime],[ModifyId],[ModifyBy],[ModifyTime] FROM [AF_SysUserInfo] WITH(NOLOCK)   WHERE (( [LoginName] = @LoginName0 ) AND ( [LoginPwd] = @LoginPwd1 ))
--------------------------------
02/26/2021 06:45:59|
【SQL参数】：@LoginName0:admin
@LoginPwd1:E10ADC3949BA59ABBE56E057F20F883E

【SQL语句】:SELECT [Id],[RealName],[LoginName],[LoginPwd],[Status],[Remark],[Sex],[Age],[Birth],[Address],[CreateId],[CreateBy],[CreateTime],[ModifyId],[ModifyBy],[ModifyTime] FROM [AF_SysUserInfo] WITH(NOLOCK)   WHERE (( [LoginName] = @LoginName0 ) AND ( [LoginPwd] = @LoginPwd1 ))
--------------------------------
02/26/2021 06:45:59|
【SQL参数】：@IsDeleted0:False

【SQL语句】:SELECT [Id],[IsDeleted],[Name],[Description],[OrderSort],[Enabled],[CreateId],[CreateBy],[CreateTime],[ModifyId],[ModifyBy],[ModifyTime] FROM [AF_Role] WITH(NOLOCK)   WHERE ( [IsDeleted] = @IsDeleted0 )
--------------------------------
02/26/2021 06:45:59|
【SQL参数】：@UserId0:1

【SQL语句】:SELECT [Id],[UserId],[RoleId],[IsDeleted],[CreateId],[CreateBy],[CreateTime],[ModifyId],[ModifyBy],[ModifyTime] FROM [AF_UserRole] WITH(NOLOCK)   WHERE ( [UserId] = @UserId0 )
--------------------------------
02/26/2021 06:45:59|
【SQL参数】：@IsDeleted0:False
@IsDeleted1:False
@IsDeleted2:False

【SQL语句】:SELECT  [r].[Id] AS [Role.Id] , [r].[IsDeleted] AS [Role.IsDeleted] , [r].[Name] AS [Role.Name] , [r].[Description] AS [Role.Description] , [r].[OrderSort] AS [Role.OrderSort] , [r].[Enabled] AS [Role.Enabled] , [r].[CreateId] AS [Role.CreateId] , [r].[CreateBy] AS [Role.CreateBy] , [r].[CreateTime] AS [Role.CreateTime] , [r].[ModifyId] AS [Role.ModifyId] , [r].[ModifyBy] AS [Role.ModifyBy] , [r].[ModifyTime] AS [Role.ModifyTime] , [m].[Id] AS [Module.Id] , [m].[IsDeleted] AS [Module.IsDeleted] , [m].[Name] AS [Module.Name] , [m].[LinkUrl] AS [Module.LinkUrl] , [m].[Area] AS [Module.Area] , [m].[Controller] AS [Module.Controller] , [m].[Action] AS [Module.Action] , [m].[Icon] AS [Module.Icon] , [m].[Code] AS [Module.Code] , [m].[OrderSort] AS [Module.OrderSort] , [m].[Description] AS [Module.Description] , [m].[IsMenu] AS [Module.IsMenu] , [m].[Enabled] AS [Module.Enabled] , [m].[CreateId] AS [Module.CreateId] , [m].[CreateBy] AS [Module.CreateBy] , [m].[CreateTime] AS [Module.CreateTime] , [m].[ModifyId] AS [Module.ModifyId] , [m].[ModifyBy] AS [Module.ModifyBy] , [m].[ModifyTime] AS [Module.ModifyTime] , [rmp].[IsDeleted] AS [IsDeleted]  FROM [AF_RoleModulePermission] rmp WITH(NOLOCK)  Left JOIN [AF_Module] m WITH(NOLOCK) ON ( [rmp].[ModuleId] = [m].[Id] )  Left JOIN [AF_Role] r WITH(NOLOCK) ON ( [rmp].[RoleId] = [r].[Id] )   WHERE ((( [rmp].[IsDeleted] = @IsDeleted0 ) AND ( [m].[IsDeleted] = @IsDeleted1 )) AND ( [r].[IsDeleted] = @IsDeleted2 ))
--------------------------------
02/26/2021 06:45:59|
【SQL参数】：@InPara0:1

【SQL语句】:SELECT [Id],[RealName],[LoginName],[LoginPwd],[Status],[Remark],[Sex],[Age],[Birth],[Address],[CreateId],[CreateBy],[CreateTime],[ModifyId],[ModifyBy],[ModifyTime] FROM [AF_SysUserInfo] WITH(NOLOCK)   WHERE [Id] IN (@InPara0)  
--------------------------------
02/26/2021 06:45:59|
【SQL参数】：@IsDeleted0:False

【SQL语句】:SELECT [Id],[IsDeleted],[Name],[Description],[OrderSort],[Enabled],[CreateId],[CreateBy],[CreateTime],[ModifyId],[ModifyBy],[ModifyTime] FROM [AF_Role] WITH(NOLOCK)   WHERE ( [IsDeleted] = @IsDeleted0 )
--------------------------------
02/26/2021 06:45:59|
【SQL参数】：@IsDeleted0:False
@UserId1:1

【SQL语句】:SELECT [Id],[UserId],[RoleId],[IsDeleted],[CreateId],[CreateBy],[CreateTime],[ModifyId],[ModifyBy],[ModifyTime] FROM [AF_UserRole] WITH(NOLOCK)   WHERE (( [IsDeleted] = @IsDeleted0 ) AND ( [UserId] = @UserId1 ))
--------------------------------
02/26/2021 06:45:59|
【SQL参数】：@IsDeleted0:False
@UserId1:1

【SQL语句】:SELECT [Id],[UserId],[RoleId],[IsDeleted],[CreateId],[CreateBy],[CreateTime],[ModifyId],[ModifyBy],[ModifyTime] FROM [AF_UserRole] WITH(NOLOCK)   WHERE (( [IsDeleted] = @IsDeleted0 ) AND ( [UserId] = @UserId1 ))
--------------------------------
02/26/2021 06:45:59|
【SQL参数】：@IsDeleted0:False

【SQL语句】:SELECT [Id],[RoleId],[ModuleId],[PermissionId],[IsDeleted],[CreateId],[CreateBy],[CreateTime],[ModifyId],[ModifyBy],[ModifyTime] FROM [AF_RoleModulePermission] WITH(NOLOCK)   WHERE (( [IsDeleted] = @IsDeleted0 ) AND  ([RoleId] IN ('1')) )
--------------------------------
02/26/2021 06:46:00|
【SQL参数】：
【SQL语句】:SELECT [Id],[PId],[Code],[Name],[IsButton],[IsHide],[IskeepAlive],[Func],[OrderSort],[Icon],[Description],[Enabled],[CreateId],[CreateBy],[CreateTime],[ModifyId],[ModifyBy],[ModifyTime],[IsDeleted] FROM [AF_Permission] WITH(NOLOCK)   WHERE  ([Id] IN ('1','2','3','4','6','7','8','11','12','13','15','16','18','17','19','20','21','22','23','24','25','26','27','28')) 
--------------------------------
02/26/2021 06:46:03|
【SQL参数】：@IsDeleted0:False
@MethodConst1:

【SQL语句】: SELECT COUNT(1) FROM (SELECT [Id],[IsDeleted],[Name],[Description],[OrderSort],[Enabled],[CreateId],[CreateBy],[CreateTime],[ModifyId],[ModifyBy],[ModifyTime] FROM [AF_Role] WITH(NOLOCK)   WHERE (( [IsDeleted] = @IsDeleted0 ) AND  ([Name] like '%'+@MethodConst1+'%') )) CountTable 
--------------------------------
02/26/2021 06:46:03|
【SQL参数】：@IsDeleted0:False
@MethodConst1:

【SQL语句】:SELECT * FROM (SELECT [Id],[IsDeleted],[Name],[Description],[OrderSort],[Enabled],[CreateId],[CreateBy],[CreateTime],[ModifyId],[ModifyBy],[ModifyTime],ROW_NUMBER() OVER(ORDER BY Id Desc) AS RowIndex  FROM [AF_Role] WITH(NOLOCK)   WHERE (( [IsDeleted] = @IsDeleted0 ) AND  ([Name] like '%'+@MethodConst1+'%') )) T WHERE RowIndex BETWEEN 1 AND 50
